13:38:26.072 [TestNG-tests-2] INFO  com.cases.ValidateFooter - Driver is initialized.
13:38:26.119 [TestNG-tests-3] INFO  com.cases.ValidateTitle - Driver is initialized.
13:38:26.264 [TestNG-tests-4] INFO  com.cases.BookAppointment - Driver is initialized.
13:38:26.567 [TestNG-tests-1] INFO  com.cases.Login - Driver is initialized.
13:38:32.030 [TestNG-tests-2] INFO  com.cases.ValidateFooter - Footer is displayed
13:38:32.148 [TestNG-tests-2] INFO  com.cases.ValidateFooter - Driver is closed
13:38:33.469 [TestNG-tests-3] INFO  com.cases.ValidateTitle - Driver is closed
13:38:34.154 [TestNG-tests-1] INFO  com.cases.Login - Successfully Logged In
13:38:34.268 [TestNG-tests-1] INFO  com.cases.Login - Driver is closed
13:38:34.607 [TestNG-tests-4] INFO  com.cases.BookAppointment - Driver is closed
00:35:33.188 [main] INFO  com.cases.BookAppointment - Driver is initialized.
00:35:41.719 [main] INFO  com.cases.BookAppointment - Driver is closed
20:21:40.130 [main] INFO  com.cases.BookAppointment - Driver is initialized.
20:21:48.245 [main] INFO  com.cases.BookAppointment - Driver is closed
20:23:20.065 [TestNG-tests-3] INFO  com.cases.ValidateTitle - Driver is initialized.
20:23:20.104 [TestNG-tests-4] INFO  com.cases.BookAppointment - Driver is initialized.
20:23:20.188 [TestNG-tests-2] INFO  com.cases.ValidateFooter - Driver is initialized.
20:23:20.236 [TestNG-tests-1] INFO  com.cases.Login - Driver is initialized.
20:23:25.944 [TestNG-tests-2] INFO  com.cases.ValidateFooter - Footer is displayed
20:23:26.073 [TestNG-tests-2] INFO  com.cases.ValidateFooter - Driver is closed
20:23:27.016 [TestNG-tests-3] INFO  com.cases.ValidateTitle - Driver is closed
20:23:27.936 [TestNG-tests-1] INFO  com.cases.Login - Successfully Logged In
20:23:28.037 [TestNG-tests-1] INFO  com.cases.Login - Driver is closed
20:23:28.663 [TestNG-tests-4] INFO  com.cases.BookAppointment - Driver is closed
20:27:30.930 [TestNG-tests-3] INFO  com.cases.ValidateTitle - Driver is initialized.
20:27:30.963 [TestNG-tests-4] INFO  com.cases.BookAppointment - Driver is initialized.
20:27:31.008 [TestNG-tests-1] INFO  com.cases.Login - Driver is initialized.
20:27:31.120 [TestNG-tests-2] INFO  com.cases.ValidateFooter - Driver is initialized.
20:27:36.966 [TestNG-tests-2] INFO  com.cases.ValidateFooter - Footer is displayed
20:27:37.087 [TestNG-tests-2] INFO  com.cases.ValidateFooter - Driver is closed
20:27:38.063 [TestNG-tests-3] INFO  com.cases.ValidateTitle - Driver is closed
20:27:38.626 [TestNG-tests-1] INFO  com.cases.Login - Successfully Logged In
20:27:38.707 [TestNG-tests-1] INFO  com.cases.Login - Driver is closed
20:27:39.541 [TestNG-tests-4] INFO  com.cases.BookAppointment - Driver is closed
20:30:17.688 [main] INFO  com.cases.ValidateTitle - Driver is initialized.
20:30:24.168 [main] INFO  com.cases.ValidateTitle - Driver is closed
20:32:26.370 [main] INFO  com.cases.ValidateTitle - Driver is initialized.
20:32:32.885 [main] INFO  com.cases.ValidateTitle - Driver is closed
20:34:29.760 [main] INFO  com.cases.ValidateTitle - Driver is initialized.
20:34:36.080 [main] INFO  com.cases.ValidateTitle - Successfully validated Title
20:34:36.192 [main] INFO  com.cases.ValidateTitle - Driver is closed
20:35:00.483 [TestNG-tests-1] INFO  com.cases.Login - Driver is initialized.
20:35:00.505 [TestNG-tests-2] INFO  com.cases.ValidateFooter - Driver is initialized.
20:35:00.521 [TestNG-tests-3] INFO  com.cases.ValidateTitle - Driver is initialized.
20:35:00.525 [TestNG-tests-4] INFO  com.cases.BookAppointment - Driver is initialized.
20:35:06.217 [TestNG-tests-2] INFO  com.cases.ValidateFooter - Footer is displayed
20:35:06.333 [TestNG-tests-2] INFO  com.cases.ValidateFooter - Driver is closed
20:35:06.887 [TestNG-tests-3] INFO  com.cases.ValidateTitle - Successfully validated Title
20:35:06.987 [TestNG-tests-3] INFO  com.cases.ValidateTitle - Driver is closed
20:35:07.905 [TestNG-tests-1] INFO  com.cases.Login - Successfully Logged In
20:35:08.016 [TestNG-tests-1] INFO  com.cases.Login - Driver is closed
20:35:08.931 [TestNG-tests-4] INFO  com.cases.BookAppointment - Driver is closed
22:58:46.932 [TestNG-tests-1] INFO  com.cases.Login - Driver is initialized.
22:58:46.989 [TestNG-tests-4] INFO  com.cases.BookAppointment - Driver is initialized.
22:58:47.037 [TestNG-tests-3] INFO  com.cases.ValidateTitle - Driver is initialized.
22:58:47.386 [TestNG-tests-2] INFO  com.cases.ValidateFooter - Driver is initialized.
22:58:53.254 [TestNG-tests-2] INFO  com.cases.ValidateFooter - Footer is displayed
22:58:53.382 [TestNG-tests-2] INFO  com.cases.ValidateFooter - Driver is closed
22:58:53.552 [TestNG-tests-3] INFO  com.cases.ValidateTitle - Successfully validated Title
22:58:53.684 [TestNG-tests-3] INFO  com.cases.ValidateTitle - Driver is closed
22:58:54.764 [TestNG-tests-1] INFO  com.cases.Login - Successfully Logged In
22:58:54.863 [TestNG-tests-1] INFO  com.cases.Login - Driver is closed
22:58:55.674 [TestNG-tests-4] INFO  com.cases.BookAppointment - Driver is closed
10:14:28.817 [TestNG-tests-2] INFO  com.cases.ValidateFooter - Driver is initialized.
10:14:30.221 [TestNG-tests-1] INFO  com.cases.Login - Driver is initialized.
10:14:30.365 [TestNG-tests-4] INFO  com.cases.BookAppointment - Driver is initialized.
10:14:30.461 [TestNG-tests-3] INFO  com.cases.ValidateTitle - Driver is initialized.
10:14:34.667 [TestNG-tests-2] INFO  com.cases.ValidateFooter - Footer is displayed
10:14:34.793 [TestNG-tests-2] INFO  com.cases.ValidateFooter - Driver is closed
10:14:36.582 [TestNG-tests-3] INFO  com.cases.ValidateTitle - Successfully validated Title
10:14:36.662 [TestNG-tests-3] INFO  com.cases.ValidateTitle - Driver is closed
10:14:38.131 [TestNG-tests-1] INFO  com.cases.Login - Successfully Logged In
10:14:38.237 [TestNG-tests-1] INFO  com.cases.Login - Driver is closed
10:14:38.746 [TestNG-tests-4] INFO  com.cases.BookAppointment - Driver is closed
16:13:59.379 [main] INFO  com.cases.ValidateTitle - Driver is initialized.
16:14:05.682 [main] INFO  com.cases.ValidateTitle - Driver is closed
16:34:18.692 [main] INFO  com.cases.ValidateHistory - Driver is initialized.
16:44:04.961 [main] INFO  com.cases.BookAppointment - Driver is initialized.
16:44:05.721 [main] INFO  com.cases.BookAppointment - Driver is closed
16:45:38.101 [main] INFO  com.cases.BookAppointment - Driver is initialized.
16:45:46.704 [main] INFO  com.cases.BookAppointment - Driver is closed
16:46:20.264 [main] INFO  com.cases.BookAppointment - Driver is initialized.
16:47:01.283 [main] INFO  com.cases.BookAppointment - Driver is initialized.
16:54:30.686 [main] INFO  com.cases.BookAppointment - Driver is initialized.
16:56:23.828 [main] INFO  com.cases.BookAppointment - Driver is initialized.
17:00:48.818 [main] INFO  com.cases.BookAppointment - Driver is initialized.
17:03:31.317 [main] INFO  com.cases.BookAppointment - Driver is initialized.
17:03:40.065 [main] INFO  com.cases.BookAppointment - Driver is closed
17:04:04.389 [main] INFO  com.cases.BookAppointment - Driver is initialized.
17:04:13.187 [main] INFO  com.cases.BookAppointment - Driver is closed
17:04:54.341 [TestNG-tests-2] INFO  com.cases.ValidateFooter - Driver is initialized.
17:04:54.363 [TestNG-tests-3] INFO  com.cases.ValidateTitle - Driver is initialized.
17:04:54.398 [TestNG-tests-4] INFO  com.cases.BookAppointment - Driver is initialized.
17:04:54.465 [TestNG-tests-1] INFO  com.cases.Login - Driver is initialized.
17:04:59.969 [TestNG-tests-2] INFO  com.cases.ValidateFooter - Footer is displayed
17:05:00.079 [TestNG-tests-2] INFO  com.cases.ValidateFooter - Driver is closed
17:05:00.742 [TestNG-tests-3] INFO  com.cases.ValidateTitle - Successfully validated Title
17:05:00.841 [TestNG-tests-3] INFO  com.cases.ValidateTitle - Driver is closed
17:05:02.265 [TestNG-tests-1] INFO  com.cases.Login - Successfully Logged In
17:05:02.402 [TestNG-tests-1] INFO  com.cases.Login - Driver is closed
17:05:03.521 [TestNG-tests-4] INFO  com.cases.BookAppointment - Driver is closed
17:06:38.096 [TestNG-tests-3] INFO  com.cases.ValidateTitle - Driver is initialized.
17:06:38.263 [TestNG-tests-2] INFO  com.cases.ValidateFooter - Driver is initialized.
17:06:38.431 [TestNG-tests-4] INFO  com.cases.BookAppointment - Driver is initialized.
17:06:38.504 [TestNG-tests-1] INFO  com.cases.Login - Driver is initialized.
17:06:43.897 [TestNG-tests-2] INFO  com.cases.ValidateFooter - Footer is displayed
17:06:44.007 [TestNG-tests-2] INFO  com.cases.ValidateFooter - Driver is closed
17:06:44.575 [TestNG-tests-3] INFO  com.cases.ValidateTitle - Successfully validated Title
17:06:44.664 [TestNG-tests-3] INFO  com.cases.ValidateTitle - Driver is closed
17:06:45.773 [TestNG-tests-1] INFO  com.cases.Login - Successfully Logged In
17:06:45.884 [TestNG-tests-1] INFO  com.cases.Login - Driver is closed
17:06:47.099 [TestNG-tests-4] INFO  com.cases.BookAppointment - Driver is closed
17:13:53.237 [main] INFO  com.cases.BookAppointment - Driver is initialized.
17:14:01.433 [main] INFO  com.cases.BookAppointment - Driver is closed
18:56:24.786 [TestNG-tests-1] INFO  com.cases.Login - Driver is initialized.
18:56:24.786 [TestNG-tests-3] INFO  com.cases.ValidateTitle - Driver is initialized.
18:56:24.811 [TestNG-tests-4] INFO  com.cases.BookAppointment - Driver is initialized.
18:56:24.830 [TestNG-tests-2] INFO  com.cases.ValidateFooter - Driver is initialized.
18:56:30.443 [TestNG-tests-2] INFO  com.cases.ValidateFooter - Footer is displayed
18:56:30.562 [TestNG-tests-2] INFO  com.cases.ValidateFooter - Driver is closed
18:56:31.296 [TestNG-tests-3] INFO  com.cases.ValidateTitle - Successfully validated Title
18:56:31.427 [TestNG-tests-3] INFO  com.cases.ValidateTitle - Driver is closed
18:56:32.472 [TestNG-tests-1] INFO  com.cases.Login - Successfully Logged In
18:56:32.589 [TestNG-tests-1] INFO  com.cases.Login - Driver is closed
18:56:34.004 [TestNG-tests-4] INFO  com.cases.BookAppointment - Driver is closed
18:57:52.733 [TestNG-tests-4] INFO  com.cases.BookAppointment - Driver is initialized.
18:57:52.940 [TestNG-tests-3] INFO  com.cases.ValidateTitle - Driver is initialized.
18:57:53.036 [TestNG-tests-2] INFO  com.cases.ValidateFooter - Driver is initialized.
18:57:53.126 [TestNG-tests-1] INFO  com.cases.Login - Driver is initialized.
18:57:58.749 [TestNG-tests-2] INFO  com.cases.ValidateFooter - Footer is displayed
18:57:58.840 [TestNG-tests-2] INFO  com.cases.ValidateFooter - Driver is closed
18:57:59.549 [TestNG-tests-3] INFO  com.cases.ValidateTitle - Successfully validated Title
18:57:59.686 [TestNG-tests-3] INFO  com.cases.ValidateTitle - Driver is closed
18:58:00.404 [TestNG-tests-1] INFO  com.cases.Login - Successfully Logged In
18:58:00.508 [TestNG-tests-1] INFO  com.cases.Login - Driver is closed
19:05:57.870 [TestNG-tests-4] INFO  com.cases.BookAppointment - Driver is initialized.
19:05:57.875 [TestNG-tests-1] INFO  com.cases.Login - Driver is initialized.
19:05:57.897 [TestNG-tests-3] INFO  com.cases.ValidateTitle - Driver is initialized.
19:05:57.950 [TestNG-tests-2] INFO  com.cases.ValidateFooter - Driver is initialized.
19:06:54.168 [TestNG-tests-1] INFO  com.cases.Login - Driver is initialized.
19:06:54.186 [TestNG-tests-3] INFO  com.cases.ValidateTitle - Driver is initialized.
19:06:54.248 [TestNG-tests-4] INFO  com.cases.BookAppointment - Driver is initialized.
19:06:54.482 [TestNG-tests-2] INFO  com.cases.ValidateFooter - Driver is initialized.
19:21:31.968 [TestNG-tests-3] INFO  com.cases.ValidateTitle - Driver is initialized.
19:21:32.006 [TestNG-tests-4] INFO  com.cases.BookAppointment - Driver is initialized.
19:21:32.008 [TestNG-tests-2] INFO  com.cases.ValidateFooter - Driver is initialized.
19:21:32.105 [TestNG-tests-1] INFO  com.cases.Login - Driver is initialized.
19:21:37.699 [TestNG-tests-2] INFO  com.cases.ValidateFooter - Footer is displayed
19:21:37.787 [TestNG-tests-2] INFO  com.cases.ValidateFooter - Driver is closed
19:21:39.734 [TestNG-tests-1] INFO  com.cases.Login - Successfully Logged In
19:21:39.865 [TestNG-tests-1] INFO  com.cases.Login - Driver is closed
19:21:40.819 [TestNG-tests-4] INFO  com.cases.BookAppointment - Driver is closed
19:28:13.165 [TestNG-tests-1] INFO  com.cases.Login - Driver is initialized.
19:28:13.370 [TestNG-tests-4] INFO  com.cases.BookAppointment - Driver is initialized.
19:28:13.583 [TestNG-tests-3] INFO  com.cases.ValidateTitle - Driver is initialized.
19:28:13.611 [TestNG-tests-2] INFO  com.cases.ValidateFooter - Driver is initialized.
19:28:19.436 [TestNG-tests-2] INFO  com.cases.ValidateFooter - Footer is displayed
19:28:19.549 [TestNG-tests-2] INFO  com.cases.ValidateFooter - Driver is closed
19:28:19.724 [TestNG-tests-3] INFO  com.cases.ValidateTitle - Successfully validated Title
19:28:19.831 [TestNG-tests-3] INFO  com.cases.ValidateTitle - Driver is closed
19:28:21.004 [TestNG-tests-1] INFO  com.cases.Login - Successfully Logged In
19:28:21.131 [TestNG-tests-1] INFO  com.cases.Login - Driver is closed
19:28:21.953 [TestNG-tests-4] INFO  com.cases.BookAppointment - Driver is closed
